<?xml version="1.0" encoding="UTF-8"?>
<!-- Generated by org.testng.reporters.JUnitXMLReporter -->
<testsuite hostname="DESKTOP-9LRRM7S" ignored="1" name="Default test" tests="6" failures="0" timestamp="16 Jul 2022 07:35:12 GMT" time="85.088" errors="0">
  <testcase name="tessCase2" time="5.487" classname="org.com.Project2"/>
  <testcase name="testCase1" time="5.386" classname="org.com.Project2"/>
  <testcase name="testCase3" time="5.68" classname="org.com.Project2"/>
  <testcase name="testCase4" time="0.389" classname="org.com.Project2"/>
  <testcase name="testCase5" time="5.689" classname="org.com.Project2"/>
  <testcase name="testCase7" time="5.649" classname="org.com.Project2"/>
  <testcase name="testCase6" time="0.0" classname="org.com.Project2">
    <ignored/>
  </testcase> <!-- testCase6 -->
</testsuite> <!-- Default test -->
