<?xml version="1.0" encoding="UTF-8"?>
<!-- Generated by org.testng.reporters.JUnitXMLReporter -->
<testsuite hostname="DESKTOP-9LRRM7S" ignored="2" name="Test" tests="9" failures="0" timestamp="18 Jul 2022 10:54:10 GMT" time="140.934" errors="0">
  <testcase name="tessCase2" time="5.965" classname="org.test.Project2"/>
  <testcase name="testCase1" time="5.45" classname="org.test.Project2"/>
  <testcase name="testCase3" time="5.386" classname="org.test.Project2"/>
  <testcase name="testCase4" time="5.455" classname="org.test.Project2"/>
  <testcase name="testCase5" time="5.421" classname="org.test.Project2"/>
  <testcase name="testCase7" time="5.619" classname="org.test.Project2"/>
  <testcase name="testCase1" time="0.289" classname="org.test.TestNg"/>
  <testcase name="testCase2" time="3.317" classname="org.test.TestNg"/>
  <testcase name="testCase4" time="0.292" classname="org.test.TestNg"/>
  <testcase name="testCase6" time="0.0" classname="org.test.Project2">
    <ignored/>
  </testcase> <!-- testCase6 -->
  <testcase name="testCase3" time="0.0" classname="org.test.TestNg">
    <ignored/>
  </testcase> <!-- testCase3 -->
</testsuite> <!-- Test -->
